2026-04-23 09:35:17,316 [INFO] ============================================================
2026-04-23 09:35:17,316 [INFO] MODE INCREMENTAL - News BRVM
2026-04-23 09:35:17,317 [INFO] ============================================================
2026-04-23 09:35:18,058 [INFO] Historique existant : 3987 articles
2026-04-23 09:35:18,060 [INFO] Dernier ID connu : 61036
2026-04-23 09:35:18,060 [INFO] Recherche du dernier article existant...
2026-04-23 09:35:24,527 [INFO] Dernier article trouvé : ID 59366
2026-04-23 09:35:24,530 [INFO] Plage à scraper : ID 61037 -> 59366
2026-04-23 09:35:24,530 [INFO] Aucun nouvel article.
2026-04-23 09:49:00,311 [INFO] ============================================================
2026-04-23 09:49:00,312 [INFO] MODE INCREMENTAL - News BRVM
2026-04-23 09:49:00,312 [INFO] ============================================================
2026-04-23 09:49:01,015 [INFO] Historique existant : 3987 articles
2026-04-23 09:49:01,016 [INFO] Dernier ID connu : 61036
2026-04-23 09:49:01,016 [INFO] Recherche du dernier article existant...
2026-04-23 09:49:07,443 [INFO] Dernier article trouvé : ID 59366
2026-04-23 09:49:07,443 [INFO] Plage à scraper : ID 61037 -> 59366
2026-04-23 09:49:07,444 [INFO] Aucun nouvel article.
2026-04-23 09:50:14,968 [INFO] Recherche du dernier article existant...
2026-04-23 09:50:38,550 [INFO] Dernier article trouvé : ID 61269
2026-04-23 09:50:45,030 [INFO] ============================================================
2026-04-23 09:50:45,031 [INFO] MODE INCREMENTAL - News BRVM
2026-04-23 09:50:45,031 [INFO] ============================================================
2026-04-23 09:50:45,748 [INFO] Historique existant : 3987 articles
2026-04-23 09:50:45,751 [INFO] Dernier ID connu : 61036
2026-04-23 09:50:45,751 [INFO] Recherche du dernier article existant...
2026-04-23 09:51:09,180 [INFO] Dernier article trouvé : ID 61269
2026-04-23 09:51:09,180 [INFO] Plage à scraper : ID 61037 -> 61269
2026-04-23 09:51:09,398 [INFO] Historique existant : 3987 articles
2026-04-23 09:51:09,546 [INFO]   [1] ID 61037 : Bénéfice record de 2,4 milliards de dollars pour les banques (2026-04-14)
2026-04-23 09:51:10,498 [INFO]   [2] ID 61038 : Tunisair lance son offre “LIGHT” au départ et à destination  (2026-04-14)
2026-04-23 09:51:11,461 [INFO]   [3] ID 61039 : Électromobilité : BNA Assurances installe ses premières born (2026-04-14)
2026-04-23 09:51:12,514 [INFO]   [4] ID 61040 : La Côte d’Ivoire propulse son excédent commercial à un nivea (2026-04-14)
2026-04-23 09:51:13,565 [INFO]   [5] ID 61041 : Le groupe Ecobank renoue avec la rémunération des actionnair (2026-04-14)
2026-04-23 09:51:14,502 [INFO]   [6] ID 61042 : Sénégal : La production de zircon chute de 44% au mois de ja (2026-04-14)
2026-04-23 09:51:15,443 [INFO]   [7] ID 61043 : Nigeria : La production de brut progresse en mars mais reste (2026-04-14)
2026-04-23 09:51:16,379 [INFO]   [8] ID 61044 : Côte d’Ivoire : Une obligation verte historique finance la f (2026-04-14)
2026-04-23 09:51:17,329 [INFO]   [9] ID 61045 : Le FMI tempère l'optimisme de la Tunisie pour 2026 (2026-04-14)
2026-04-23 09:51:18,270 [INFO]   [10] ID 61046 : Côte d’Ivoire : A 2% en mars, l’inflation masque une flambée (2026-04-14)
2026-04-23 09:51:19,221 [INFO]   [11] ID 61047 : RDC : L’américain KoBold veut injecter 50 millions USD dans  (2026-04-14)
2026-04-23 09:51:20,169 [INFO]   [12] ID 61048 : BRVM : La pression des large caps pèse sur la dynamique du m (2026-04-14)
2026-04-23 09:51:21,115 [INFO]   [13] ID 61049 : Côte d’Ivoire : Cap sur le 3e C2D de plus de 750 milliards F (2026-04-14)
2026-04-23 09:51:22,056 [INFO]   [14] ID 61050 : Sénégal : Oumou Kalsoum Diom nommée directrice générale de T (2026-04-14)
2026-04-23 09:51:23,002 [INFO]   [15] ID 61051 : Au GITEX Africa 2026, Wave revendique un rôle moteur dans la (2026-04-14)
2026-04-23 09:51:24,345 [INFO]   [16] ID 61052 : Partie d'échecs en demi-finale de la LDC CAF : Espérance vs  (2026-04-09)
2026-04-23 09:51:25,400 [INFO]   [17] ID 61053 : Entre primes folles et discipline financière, l’équation str (2026-04-15)
2026-04-23 09:51:26,336 [INFO]   [18] ID 61054 : Le pétrole reste sous les 100 dollars pour le deuxième jour  (2026-04-15)
2026-04-23 09:51:27,280 [INFO]   [19] ID 61055 : Assurances BIAT affirme son rôle d’assureur-conseil sur le c (2026-04-15)
2026-04-23 09:51:28,241 [INFO]   [20] ID 61056 : Cheick Touradou Sissoko, directeur du développement des affa (2026-04-15)
2026-04-23 09:51:29,178 [INFO]   [21] ID 61057 : Le géant pétrolier britannique BP annonce son retour en Algé (2026-04-15)
2026-04-23 09:51:30,106 [INFO]   [22] ID 61058 : Telnet Holding s’envole de 40% en Bourse depuis le début de  (2026-04-15)
2026-04-23 09:51:31,155 [INFO]   [23] ID 61059 : Côte d’Ivoire : La rente agricole résiste aux chocs et propu (2026-04-15)
2026-04-23 09:51:32,089 [INFO]   [24] ID 61060 : Gabon : La filiale locale de SPIE participe à propulser le s (2026-04-15)
2026-04-23 09:51:33,026 [INFO]   [25] ID 61061 : Quelles sont les compagnies aériennes africaines les plus po (2026-04-15)
2026-04-23 09:51:33,969 [INFO]   [26] ID 61062 : Gabon : Nouvel imbroglio autour de KarPowerShip impliquant c (2026-04-15)
2026-04-23 09:51:34,921 [INFO]   [27] ID 61063 : Gabon : L'offensive de Libreville à Washington pour faire in (2026-04-15)
2026-04-23 09:51:35,869 [INFO]   [28] ID 61064 : L’UEMOA bénéficie d’un financement de 1,7 milliard FCFA pour (2026-04-15)
2026-04-23 09:51:36,807 [INFO]   [29] ID 61065 : Le Nouveau Hyundai CRETA, le SUV urbain moderne désormais di (2026-04-15)
2026-04-23 09:51:37,761 [INFO]   [30] ID 61066 : SIADE 2026 : Orange CI au cœur de la révolution de l’IA en s (2026-04-15)
2026-04-23 09:51:38,704 [INFO]   [31] ID 61067 : Le FMI abaisse ses prévisions de croissance pour l'économie  (2026-04-15)
2026-04-23 09:51:40,581 [INFO]   [32] ID 61069 : Guinée équatoriale : Banques et État testent un modèle d’acc (2026-04-15)
2026-04-23 09:51:41,536 [INFO]   [33] ID 61070 : La RDC explore un approvisionnement en carburants via la raf (2026-04-15)
2026-04-23 09:51:42,498 [INFO]   [34] ID 61071 : Cameroun : La Banque mondiale mobilise 11 milliards FCFA pou (2026-04-15)
2026-04-23 09:51:43,441 [INFO]   [35] ID 61072 : Côte d’Ivoire : Ouverture d’un nouveau corridor multimodal p (2026-04-15)
2026-04-23 09:51:44,386 [INFO]   [36] ID 61073 : Attijari bank annonce un PNB de 190 millions de dinars au pr (2026-04-15)
2026-04-23 09:51:45,323 [INFO]   [37] ID 61074 : Gabon : Pourquoi le duel France-Chine reste le pivot de la b (2026-04-15)
2026-04-23 09:51:46,273 [INFO]   [38] ID 61075 : Plus de 200 millions de dinars de bénéfice pour le groupe Po (2026-04-15)
2026-04-23 09:51:47,224 [INFO]   [39] ID 61076 : La RDC vise 550 millions USD sur le marché domestique au deu (2026-04-15)
2026-04-23 09:51:48,169 [INFO]   [40] ID 61077 : BRVM : CORIS BANK BF poursuit sa trajectoire haussière en to (2026-04-15)
2026-04-23 09:51:49,101 [INFO]   [41] ID 61078 : Fitch maintient la note du Nigeria à ‘’B’’ avec perspective  (2026-04-15)
2026-04-23 09:51:50,949 [INFO]   [42] ID 61080 : Le Ghana obtient plus de 21 millions USD de l'UE pour modern (2026-04-15)
2026-04-23 09:51:51,894 [INFO]   [43] ID 61081 : Carrefour Tunisie célèbre les 25 ans de ses hypermarchés ave (2026-04-15)
2026-04-23 09:51:53,762 [INFO]   [44] ID 61083 : La route vers les demi-finales : Stratégie, passion et chiff (2026-04-16)
2026-04-23 09:51:54,833 [INFO]   [45] ID 61084 : Recherche & Développement : Quels sont les pays africains qu (2026-04-16)
2026-04-23 09:51:55,791 [INFO]   [46] ID 61085 : CITROËN Tunisie lance la nouvelle C3 : Le grand retour du Be (2026-04-16)
2026-04-23 09:51:56,739 [INFO]   [47] ID 61086 : L’or frôle les 4.900 dollars dans l’attente de la fin de la  (2026-04-16)
2026-04-23 09:51:57,681 [INFO]   [48] ID 61087 : Côte d’Ivoire : La compagnie minière Angel Resources décroch (2026-04-16)
2026-04-23 09:51:58,636 [INFO]   [49] ID 61088 : La Côte d’Ivoire se dote d’un fonds souverain aux ambitions  (2026-04-16)
2026-04-23 09:51:59,580 [INFO]   [50] ID 61089 : Sénégal : Le trafic de passagers à l’Aéroport international  (2026-04-16)
2026-04-23 09:51:59,580 [INFO]   --- Sauvegarde intermédiaire (50 articles) ---
2026-04-23 09:51:59,860 [INFO] Historique sauvegardé : 4037 articles -> C:\Users\DYLANE\OneDrive - CGF BOURSE\Bureau\MES MINI-APPS\Scraper BRVM\data\news\actualites_brvm.csv
2026-04-23 09:52:00,812 [INFO]   [51] ID 61090 : Hassen Arfaoui de 216 Capital rejoint le programme Stanford  (2026-04-15)
2026-04-23 09:52:01,763 [INFO]   [52] ID 61091 : Le groupe italien Novation Tech inaugure à Monastir sa premi (2026-04-16)
2026-04-23 09:52:02,829 [INFO]   [53] ID 61092 : La Côte d’Ivoire mise sur le transport de conteneurs par bar (2026-04-16)
2026-04-23 09:52:03,910 [INFO]   [54] ID 61093 : Gabon : Technip Energies décroche deux contrats stratégiques (2026-04-16)
2026-04-23 09:52:04,989 [INFO]   [55] ID 61094 : Minéraux critiques : La RD Congo va constituer des ''réserve (2026-04-16)
2026-04-23 09:52:05,919 [INFO]   [56] ID 61095 : La volatilité des machines à sous pour les petits dépôts (2026-04-16)
2026-04-23 09:52:06,855 [INFO]   [57] ID 61096 : Le Ghana opte pour une subvention temporaire des prix du car (2026-04-16)
2026-04-23 09:52:07,795 [INFO]   [58] ID 61097 : Gabon : Maurel & Prom double son chiffre d'affaires à 163 mi (2026-04-16)
2026-04-23 09:52:08,839 [INFO]   [59] ID 61098 : Bank Of Africa Bénin réalise 20 milliards FCFA de bénéfice e (2026-04-16)
2026-04-23 09:52:09,781 [INFO]   [60] ID 61099 : Best RTP in online casinos: what players in DR Congo should  (2026-04-14)
2026-04-23 09:52:10,715 [INFO]   [61] ID 61100 : RDC : recul des exportations de cuivre, mais reprise du coba (2026-04-16)
2026-04-23 09:52:11,654 [INFO]   [62] ID 61101 : La guerre freine les levées de fonds des startups dans la ré (2026-04-16)
2026-04-23 09:52:12,589 [INFO]   [63] ID 61102 : Mutation du marché automobile tunisien (Partie IV) : Vers un (2026-04-16)
2026-04-23 09:52:13,520 [INFO]   [64] ID 61103 : Le Groupe QNB dégage un bénéfice de 1,2 milliard de dollars  (2026-04-16)
2026-04-23 09:52:14,578 [INFO]   [65] ID 61104 : Tout comprendre de l’augmentation de capital d’Alios Finance (2026-04-16)
2026-04-23 09:52:16,433 [INFO]   [66] ID 61106 : Côte d’Ivoire : Près de 4 milliards USD de volume de portefe (2026-04-16)
2026-04-23 09:52:18,295 [INFO]   [67] ID 61108 : Face au choc pétrolier, les pays d'Afrique de l'Ouest divers (2026-04-16)
2026-04-23 09:52:19,362 [INFO]   [68] ID 61109 : UEMOA : Forte poussée du coût du crédit bancaire au Mali, au (2026-04-16)
2026-04-23 09:52:20,300 [INFO]   [69] ID 61110 : STB Bank : Le grand retour aux dividendes après plusieurs an (2026-04-16)
2026-04-23 09:52:21,248 [INFO]   [70] ID 61111 : BRVM : Les valeurs BOA portées par des résultats groupe pléb (2026-04-16)
2026-04-23 09:52:23,108 [INFO]   [71] ID 61113 : La Centrafrique négocie un passage par le port de Pointe-Noi (2026-04-16)
2026-04-23 09:52:24,050 [INFO]   [72] ID 61114 : UEMOA : Le marché de la dette publique salue l’arrivée de Ro (2026-04-16)
2026-04-23 09:52:24,995 [INFO]   [73] ID 61115 : Le Cameroun veut eriger son industrie métallurgique en pilie (2026-04-16)
2026-04-23 09:52:26,861 [INFO]   [74] ID 61117 : Un premier trimestre 2026 sous le signe de la croissance pou (2026-04-16)
2026-04-23 09:52:27,801 [INFO]   [75] ID 61118 : Le Gabon attire 3,3 milliards USD d’offres et sécurise 1 mil (2026-04-16)
2026-04-23 09:52:28,741 [INFO]   [76] ID 61119 : Le FMI alerte sur la dérive inquiétante de la dette publique (2026-04-17)
2026-04-23 09:52:29,671 [INFO]   [77] ID 61120 : Tunisie Leasing & Factoring prépare son désengagement straté (2026-04-17)
2026-04-23 09:52:30,615 [INFO]   [78] ID 61121 : Dangote confirme son intention de céder 10% du capital de sa (2026-04-17)
2026-04-23 09:52:31,553 [INFO]   [79] ID 61122 : Sénégal : Les exportations en hausse de 10% en février 2026 (2026-04-17)
2026-04-23 09:52:32,495 [INFO]   [80] ID 61123 : À Washington, la Côte d’Ivoire mise 7,5 milliards USD pour s (2026-04-17)
2026-04-23 09:52:33,430 [INFO]   [81] ID 61124 : Les tensions au Moyen-Orient pourraient coûter 0,2 point de  (2026-04-17)
2026-04-23 09:52:34,491 [INFO]   [82] ID 61125 : Afrique : Quels sont les plus grands producteurs de pétrole  (2026-04-17)
2026-04-23 09:52:35,431 [INFO]   [83] ID 61126 : African CIO Awards 2026 : L’ANSUT remporte le prix ''IA for  (2026-04-17)
2026-04-23 09:52:36,386 [INFO]   [84] ID 61127 : Société Générale Côte d'Ivoire : Une signature rendement dev (2026-04-17)
2026-04-23 09:52:37,331 [INFO]   [85] ID 61128 : Fusions-acquisitions : L’Europe assouplit ses règles pour la (2026-04-17)
2026-04-23 09:52:38,269 [INFO]   [86] ID 61129 : Le Nigeria et l’Algérie, principaux exportateurs africains d (2026-04-17)
2026-04-23 09:52:39,207 [INFO]   [87] ID 61130 : Cameroun : 126 milliards FCFA pour relancer au Port de Doual (2026-04-17)
2026-04-23 09:52:40,150 [INFO]   [88] ID 61131 : Immobilier en Tunisie : Le rêve de propriété devient un mira (2026-04-17)
2026-04-23 09:52:41,096 [INFO]   [89] ID 61132 : RDC : Face au déficit électrique, un projet de centrale à dé (2026-04-17)
2026-04-23 09:52:42,034 [INFO]   [90] ID 61133 : Trafigura, Gunvor, Vitol : Ces traders au cœur des circuits  (2026-04-17)
2026-04-23 09:52:42,977 [INFO]   [91] ID 61134 : Gabon : ReconAfrica peaufine son ''échographie'' sismique av (2026-04-17)
2026-04-23 09:52:44,026 [INFO]   [92] ID 61135 : UEMOA : Près de 2 000 milliards FCFA de crédits bancaires ac (2026-04-17)
2026-04-23 09:52:44,969 [INFO]   [93] ID 61136 : Le FMI abaisse fortement ses prévisions de croissance pour l (2026-04-17)
2026-04-23 09:52:45,904 [INFO]   [94] ID 61137 : Honoré Kouamé, directeur MTN Business / MTN Satellite : ‘’Av (2026-04-17)
2026-04-23 09:52:46,835 [INFO]   [95] ID 61138 : La Facilité Investissements pour l’emploi lance un nouvel ap (2026-04-17)
2026-04-23 09:52:47,770 [INFO]   [96] ID 61139 : CEMAC : Gabon, Tchad, RCA et Guinée Équatoriale préparent le (2026-04-17)
2026-04-23 09:52:49,628 [INFO]   [97] ID 61141 : L'UIB améliore de 5% son PNB à plus de 130 millions de dinar (2026-04-17)
2026-04-23 09:52:50,564 [INFO]   [98] ID 61142 : L’UIB renforce sa proximité avec les PME et confirme son rôl (2026-04-17)
2026-04-23 09:52:51,492 [INFO]   [99] ID 61143 : Gabon : L’huile de palme prise au piège du conflit homme-fau (2026-04-17)
2026-04-23 09:52:52,423 [INFO]   [100] ID 61144 : La RDC relève les prix des carburants à la pompe, sous l’eff (2026-04-17)
2026-04-23 09:52:52,423 [INFO]   --- Sauvegarde intermédiaire (100 articles) ---
2026-04-23 09:52:52,763 [INFO] Historique sauvegardé : 4087 articles -> C:\Users\DYLANE\OneDrive - CGF BOURSE\Bureau\MES MINI-APPS\Scraper BRVM\data\news\actualites_brvm.csv
2026-04-23 09:52:53,710 [INFO]   [101] ID 61145 : Déchets industriels dangereux : Avec TOUREX Corporate, la Cô (2026-04-17)
2026-04-23 09:52:54,649 [INFO]   [102] ID 61146 : UMOA-Titres : Le Mali mobilise 55 milliards FCFA sur le marc (2026-04-17)
2026-04-23 09:52:55,578 [INFO]   [103] ID 61147 : Mali : Un investissement de 120 millions USD relance l’explo (2026-04-17)
2026-04-23 09:52:56,518 [INFO]   [104] ID 61148 : Tchad : 21 milliards FCFA pour construire un hôpital de 180  (2026-04-17)
2026-04-23 09:52:57,458 [INFO]   [105] ID 61149 : BRVM : SGCI attire des flux massifs avec un rendement proche (2026-04-17)
2026-04-23 09:52:58,390 [INFO]   [106] ID 61150 : Côte d’Ivoire : La production industrielle recule de 3,3% en (2026-04-17)
2026-04-23 09:53:00,251 [INFO]   [107] ID 61152 : La Côte d’Ivoire décroche 328 milliards FCFA auprès d’invest (2026-04-18)
2026-04-23 09:53:01,207 [INFO]   [108] ID 61153 : La Centrafrique demande un délai pour achever ses réformes à (2026-04-18)
2026-04-23 09:53:02,140 [INFO]   [109] ID 61154 : Tchad : Un accord avec l'américain Zanbur Energy pour déploy (2026-04-18)
2026-04-23 09:53:03,994 [INFO]   [110] ID 61156 : Burkina Faso : L’Etat prend le total contrôle de la Sofitex  (2026-04-18)
2026-04-23 09:53:04,926 [INFO]   [111] ID 61157 : Côte d’Ivoire : 1 214,2 milliards FCFA de recettes fiscales  (2026-04-18)
2026-04-23 09:53:05,877 [INFO]   [112] ID 61158 : UMOA-Titres : La levée du Togo plébiscitée par les investiss (2026-04-18)
2026-04-23 09:53:06,825 [INFO]   [113] ID 61159 : Les 5 infos business à retenir cette semaine (2026-04-19)
2026-04-23 09:53:07,794 [INFO]   [114] ID 61160 : Gabon : Le français Colas cède l’ensemble de ses actifs au g (2026-04-19)
2026-04-23 09:53:08,783 [INFO]   [115] ID 61161 : CIL : Un profil défensif adossé à un rendement attractif (2026-04-20)
2026-04-23 09:53:09,720 [INFO]   [116] ID 61162 : Les prix du pétrole repartent à la hausse en raison de nouve (2026-04-20)
2026-04-23 09:53:10,667 [INFO]   [117] ID 61163 : UMOA-Titres Hebdo : La préférence pour le long terme se conf (2026-04-20)
2026-04-23 09:53:11,607 [INFO]   [118] ID 61164 : UNIMED : Entre résilience locale et offensive à l'export (2026-04-20)
2026-04-23 09:53:12,545 [INFO]   [119] ID 61165 : Adicom Days 2026/Stève Fayomi, Dircom externe d'Orange Côte  (2026-04-20)
2026-04-23 09:53:13,480 [INFO]   [120] ID 61166 : TPR : Une croissance locale solide face aux vents contraires (2026-04-20)
2026-04-23 09:53:14,414 [INFO]   [121] ID 61167 : Orpaillage artisanal : A Washington, Mamadou Sangafowa Couli (2026-04-20)
2026-04-23 09:53:15,348 [INFO]   [122] ID 61168 : L’Algérie lance l’un des plus importants appels à la concurr (2026-04-20)
2026-04-23 09:53:16,292 [INFO]   [123] ID 61169 : Côte d'Ivoire : AFG Holding et Montage Gold signent une conv (2026-04-20)
2026-04-23 09:53:17,357 [INFO]   [124] ID 61170 : BRVM/SEMAINE 15 : Entre pause et performance, BOA Niger et C (2026-04-20)
2026-04-23 09:53:18,290 [INFO]   [125] ID 61171 : La Méditerranée gère l’Arctic Metagaz, un problème venu d’ai (2026-04-20)
2026-04-23 09:53:19,220 [INFO]   [126] ID 61172 : Le groupe norvégien Scatec lance l’exploitation de la centra (2026-04-20)
2026-04-23 09:53:20,159 [INFO]   [127] ID 61173 : Sénégal : 660 milliards FCFA visés sur le Marché des Titres  (2026-04-20)
2026-04-23 09:53:21,217 [INFO]   [128] ID 61174 : BRVM : SETAO réduit fortement ses pertes de 72% en 2025 (2026-04-20)
2026-04-23 09:53:22,163 [INFO]   [129] ID 61175 : Côte d’Ivoire : Les entreprises publiques multiplient leur b (2026-04-20)
2026-04-23 09:53:23,105 [INFO]   [130] ID 61176 : Le Congo lorgne un nouveau programme avec le FMI (2026-04-20)
2026-04-23 09:53:24,038 [INFO]   [131] ID 61177 : Pluxee Tunisie lance Pluxee by Privilèges (2026-04-20)
2026-04-23 09:53:24,969 [INFO]   [132] ID 61178 : La BAD et l'Italie s'unissent autour d'un accord de 140 mill (2026-04-20)
2026-04-23 09:53:25,910 [INFO]   [133] ID 61179 : Égypte : La BAD mobilise 140 millions de dollars pour le plu (2026-04-20)
2026-04-23 09:53:26,867 [INFO]   [134] ID 61180 : Sonatel réalise un bénéfice de 114 milliards FCFA au 1er tri (2026-04-20)
2026-04-23 09:53:27,805 [INFO]   [135] ID 61181 : Risque d'investissement : Le Congo sollicite 16,4 milliards  (2026-04-20)
2026-04-23 09:53:28,888 [INFO]   [136] ID 61182 : UEMOA : A plus de 20% en janvier, le Niger et la Guinée-Biss (2026-04-20)
2026-04-23 09:53:29,848 [INFO]   [137] ID 61183 : La SFBT améliore de 6 % son chiffre d'affaires au premier tr (2026-04-20)
2026-04-23 09:53:30,806 [INFO]   [138] ID 61184 : RDC : Washington parie sur la région minière de Rubaya et se (2026-04-20)
2026-04-23 09:53:31,756 [INFO]   [139] ID 61185 : Un premier trimestre sous le signe de la croissance et du dé (2026-04-20)
2026-04-23 09:53:32,762 [INFO]   [140] ID 61186 : Gabon : Pourquoi 18 jours d’intérêts sur la dette en 2025 co (2026-04-20)
2026-04-23 09:53:33,790 [INFO]   [141] ID 61187 : RDC : L'Américain Copper Intelligence lance une offensive su (2026-04-20)
2026-04-23 09:53:34,808 [INFO]   [142] ID 61188 : Côte d’Ivoire : Fatim Cissé parraine la 9e promotion Data Sc (2026-04-20)
2026-04-23 09:53:35,743 [INFO]   [143] ID 61189 : Croissance à deux chiffres pour BNA Assurances au premier tr (2026-04-20)
2026-04-23 09:53:36,674 [INFO]   [144] ID 61190 : BRVM : L'action BICICI bondit après des résultats annuels bi (2026-04-20)
2026-04-23 09:53:37,619 [INFO]   [145] ID 61191 : Transformation digitale/Orange Côte d’Ivoire : Mobile Pro, l (2026-04-20)
2026-04-23 09:53:38,554 [INFO]   [146] ID 61192 : Société Générale CI : Vers un tournant décisif pour la rémun (2026-04-20)
2026-04-23 09:53:39,504 [INFO]   [147] ID 61193 : Dangote Fertiliser prépare une levée de 750 millions USD via (2026-04-20)
2026-04-23 09:53:40,556 [INFO]   [148] ID 61194 : Côte d’Ivoire : Le secteur extractif affiche une croissance  (2026-04-20)
2026-04-23 09:53:41,553 [INFO]   [149] ID 61195 : L'économie du triomphe : combien gagnent les clubs de l'UEFA (2026-04-21)
2026-04-23 09:53:42,504 [INFO]   [150] ID 61196 : Rentabilité en hausse pour TELNET Holding au premier trimest (2026-04-21)
2026-04-23 09:53:42,505 [INFO]   --- Sauvegarde intermédiaire (150 articles) ---
2026-04-23 09:53:42,765 [INFO] Historique sauvegardé : 4137 articles -> C:\Users\DYLANE\OneDrive - CGF BOURSE\Bureau\MES MINI-APPS\Scraper BRVM\data\news\actualites_brvm.csv
2026-04-23 09:53:43,693 [INFO]   [151] ID 61197 : Le PNB de la BIAT frôle les 400 millions de dinars au premie (2026-04-21)
2026-04-23 09:53:44,633 [INFO]   [152] ID 61198 : COMAR Assurances renforce sa contribution à l’économie natio (2026-04-21)
2026-04-23 09:53:45,581 [INFO]   [153] ID 61199 : Une croissance à deux chiffres pour WIFAK Bank au premier tr (2026-04-21)
2026-04-23 09:53:46,630 [INFO]   [154] ID 61200 : UEMOA : Quand trop d’impôts tue l’impôt (2026-04-21)
2026-04-23 09:53:47,573 [INFO]   [155] ID 61201 : La Tunisie classée 5ème pays le plus innovant en Afrique (2026-04-21)
2026-04-23 09:53:48,520 [INFO]   [156] ID 61202 : Le Sénégal engage la construction d’une centrale de stockage (2026-04-21)
2026-04-23 09:53:49,465 [INFO]   [157] ID 61203 : La guerre au Moyen-Orient aurait déjà coûté 0,3 point de cro (2026-04-21)
2026-04-23 09:53:50,414 [INFO]   [158] ID 61204 : Carthage Cement : Une résilience à l’épreuve d’un marché en  (2026-04-21)
2026-04-23 09:53:51,472 [INFO]   [159] ID 61205 : Le bénéfice de la BICICI bondit de 39% en 2025 (2026-04-21)
2026-04-23 09:53:52,408 [INFO]   [160] ID 61206 : Burkina Faso : D'ici fin 2026, la part de l'État dans la min (2026-04-21)
2026-04-23 09:53:53,352 [INFO]   [161] ID 61207 : L'Arab Tunisian Bank améliore de 13 % son PNB au premier tri (2026-04-21)
2026-04-23 09:53:54,299 [INFO]   [162] ID 61208 : Outre les carburants et les engrais, la raffinerie Dangote p (2026-04-21)
2026-04-23 09:53:55,365 [INFO]   [163] ID 61209 : Afrique subsaharienne : Ces économies qui devraient réaliser (2026-04-21)
2026-04-23 09:53:56,429 [INFO]   [164] ID 61210 : SICABLE CI affiche une baisse de 205 % de son résultat net a (2026-04-21)
2026-04-23 09:53:57,368 [INFO]   [165] ID 61211 : BNA Bank voit son PNB augmenter de 10% au premier trimestre  (2026-04-21)
2026-04-23 09:53:58,308 [INFO]   [166] ID 61212 : Conflit Israël–États-Unis–Iran : Le Cameroun redoute la pert (2026-04-21)
2026-04-23 09:53:59,246 [INFO]   [167] ID 61213 : Le Ghana projette des ''diaspora bonds'' pour capter une par (2026-04-21)
2026-04-23 09:54:00,185 [INFO]   [168] ID 61214 : Crise au Moyen-Orient : Le Cameroun anticipe 180 milliards F (2026-04-21)
2026-04-23 09:54:01,126 [INFO]   [169] ID 61215 : RDC : Le premier investissement minier américain ''post-Chin (2026-04-21)
2026-04-23 09:54:02,054 [INFO]   [170] ID 61216 : Gabon : Les banques ont ouvert les vannes avec 1 845 milliar (2026-04-21)
2026-04-23 09:54:02,985 [INFO]   [171] ID 61217 : Nigeria : La BADEA injecte 40 millions d'euros dans le tissu (2026-04-21)
2026-04-23 09:54:03,917 [INFO]   [172] ID 61218 : MAC AFRICAN SGI annonce le succès du 1er Green Bond dédié à  (2026-04-21)
2026-04-23 09:54:04,849 [INFO]   [173] ID 61219 : Les pays du Sud s’unissent pour peser face aux créanciers av (2026-04-21)
2026-04-23 09:54:05,794 [INFO]   [174] ID 61220 : BRVM : SICABLE CI sanctionnée après un 1er trimestre en pert (2026-04-21)
2026-04-23 09:54:06,839 [INFO]   [175] ID 61221 : BRVM : 99 milliards de raisons de croire en la stratégie des (2026-04-21)
2026-04-23 09:54:07,770 [INFO]   [176] ID 61222 : La Chine appelle à une nouvelle étape de partenariat et d’éc (2026-04-17)
2026-04-23 09:54:08,696 [INFO]   [177] ID 61223 : République du Congo : le marché de la telephonie mobile recu (2026-04-21)
2026-04-23 09:54:09,628 [INFO]   [178] ID 61224 : Gabon : L'État injecte 30 milliards FCFA pour éviter le ''bl (2026-04-21)
2026-04-23 09:54:10,568 [INFO]   [179] ID 61225 : 2025, une année de rayonnement pour la BTK Bank portée par l (2026-04-21)
2026-04-23 09:54:11,516 [INFO]   [180] ID 61226 : Gabon : VAALCO dope sa production avec un nouveau puits à 4  (2026-04-21)
2026-04-23 09:54:12,576 [INFO]   [181] ID 61227 : Evasion fiscale : 2 840 milliards USD dissimulés par 0,1% de (2026-04-21)
2026-04-23 09:54:13,522 [INFO]   [182] ID 61228 : Camions-citernes incendie 4x4 de 3,5T et 5T pour la lutte co (2026-04-22)
2026-04-23 09:54:14,466 [INFO]   [183] ID 61229 : Le Maroc relance un mégaprojet touristique côtier porté par  (2026-04-22)
2026-04-23 09:54:15,396 [INFO]   [184] ID 61230 : Les tensions au Moyen-Orient freinent la croissance en Afriq (2026-04-22)
2026-04-23 09:54:16,505 [INFO]   [185] ID 61231 : Quels sont les pays les plus attractifs pour les migrants en (2026-04-22)
2026-04-23 09:54:17,611 [INFO]   [186] ID 61232 : Pass Kdo Max : Orange Côte d’Ivoire fait des heureux avec le (2026-04-22)
2026-04-23 09:54:19,009 [INFO]   [187] ID 61233 : Les prix mondiaux des produits alimentaires de base augmente (2026-04-22)
2026-04-23 09:54:19,947 [INFO]   [188] ID 61234 : La Tunisie obtient un prêt koweïtien pour moderniser le tran (2026-04-22)
2026-04-23 09:54:20,889 [INFO]   [189] ID 61235 : Énergie, capital humain, mines : Mamadou Sangafowa Coulibaly (2026-04-22)
2026-04-23 09:54:21,821 [INFO]   [190] ID 61236 : Sénégal : Le déficit budgétaire ressort à 6,44% du PIB à fin (2026-04-22)
2026-04-23 09:54:22,748 [INFO]   [191] ID 61237 : Air Côte d’Ivoire envoie sa 3e promotion Ab initio en Éthiop (2026-04-22)
2026-04-23 09:54:23,676 [INFO]   [192] ID 61238 : Tunis Re renforce sa rentabilité technique et financière au  (2026-04-22)
2026-04-23 09:54:24,608 [INFO]   [193] ID 61239 : Le Brent dépasse les 100 dollars après des tirs dans le détr (2026-04-22)
2026-04-23 09:54:25,542 [INFO]   [194] ID 61240 : Stabilité prudente pour ENNAKL Automobiles au premier trimes (2026-04-22)
2026-04-23 09:54:26,470 [INFO]   [195] ID 61241 : Entre croissance, discipline et rendement : La SIB poursuit  (2026-04-22)
2026-04-23 09:54:27,416 [INFO]   [196] ID 61242 : Afrique : Les importations de panneaux solaires chinois bond (2026-04-22)
2026-04-23 09:54:28,369 [INFO]   [197] ID 61243 : À New York, la BRVM séduit les investisseurs mondiaux et con (2026-04-22)
2026-04-23 09:54:29,303 [INFO]   [198] ID 61244 : MAC AFRICAN SGI, filiale du Groupe MAC SA, réussit le premie (2026-04-22)
2026-04-23 09:54:30,260 [INFO]   [199] ID 61245 : Coris Bank International confirme sa dynamique avec un bénéf (2026-04-22)
2026-04-23 09:54:31,220 [INFO]   [200] ID 61246 : BH BANK : Une gestion rigoureuse des charges booste le PNB a (2026-04-22)
2026-04-23 09:54:31,220 [INFO]   --- Sauvegarde intermédiaire (200 articles) ---
2026-04-23 09:54:31,612 [INFO] Historique sauvegardé : 4187 articles -> C:\Users\DYLANE\OneDrive - CGF BOURSE\Bureau\MES MINI-APPS\Scraper BRVM\data\news\actualites_brvm.csv
2026-04-23 09:54:32,696 [INFO]   [201] ID 61247 : Dette publique : Où se situent les pays africains les plus e (2026-04-22)
2026-04-23 09:54:33,645 [INFO]   [202] ID 61248 : Le PNB d'Amen Bank bondit de 13% à fin mars (2026-04-22)
2026-04-23 09:54:34,662 [INFO]   [203] ID 61249 : ATB aux côtés de la profession pharmaceutique : Un engagemen (2026-04-22)
2026-04-23 09:54:35,687 [INFO]   [204] ID 61250 : Afreximbank mise sur la formation pour accélérer l’appropria (2026-04-22)
2026-04-23 09:54:36,718 [INFO]   [205] ID 61251 : ARTES : Retrait de 25 % du chiffre d'affaires au premier tri (2026-04-22)
2026-04-23 09:54:37,701 [INFO]   [206] ID 61252 : Avec 21 370 tonnes importées pour 62,7 millions USD, la RDC  (2026-04-22)
2026-04-23 09:54:38,643 [INFO]   [207] ID 61253 : RDC : la pénurie d’acide sulfurique pourrait amputer l’offre (2026-04-22)
2026-04-23 09:54:39,636 [INFO]   [208] ID 61254 : Le Port d’Abidjan envisage un renforcement de sa coopération (2026-04-22)
2026-04-23 09:54:40,574 [INFO]   [209] ID 61255 : Selon Fitch Ratings, les tensions autour de l’Iran pourraien (2026-04-22)
2026-04-23 09:54:41,528 [INFO]   [210] ID 61256 : Gabon : Le retour des ''Supermajors'' BP et Exxon se précise (2026-04-22)
2026-04-23 09:54:42,468 [INFO]   [211] ID 61257 : Guinée équatoriale : Panoro Energy encaisse un revers explor (2026-04-22)
2026-04-23 09:54:43,418 [INFO]   [212] ID 61258 : BRVM : Repli généralisé, les financières sous forte pression (2026-04-22)
2026-04-23 09:54:44,359 [INFO]   [213] ID 61259 : Le Cameroun se dirige vers un 9e collectif budgétaire sous l (2026-04-22)
2026-04-23 09:54:45,293 [INFO]   [214] ID 61260 : Crise au Moyen-Orient : Le Cameroun mise sur Dangote Refiner (2026-04-22)
2026-04-23 09:54:46,356 [INFO]   [215] ID 61261 : Déficits publics : Quels seront les meilleurs élèves d’Afriq (2026-04-22)
2026-04-23 09:54:47,289 [INFO]   [216] ID 61262 : La STB maintient son PNB, optimise la collecte des ressource (2026-04-23)
2026-04-23 09:54:48,252 [INFO]   [217] ID 61263 : Les énergies renouvelables dépassent le charbon dans la prod (2026-04-23)
2026-04-23 09:54:49,202 [INFO]   [218] ID 61264 : L'inflation au Maroc repart à la hausse en mars 2026 (2026-04-23)
2026-04-23 09:54:50,175 [INFO]   [219] ID 61265 : Pré-lancement du Système intégré de gestion et de suivi des  (2026-04-23)
2026-04-23 09:54:55,022 [INFO] Historique sauvegardé : 4206 articles -> C:\Users\DYLANE\OneDrive - CGF BOURSE\Bureau\MES MINI-APPS\Scraper BRVM\data\news\actualites_brvm.csv
2026-04-23 09:54:55,023 [INFO] 
Bilan : 219 articles récupérés, 0 déjà connus, 233 IDs parcourus
2026-04-23 09:54:55,033 [INFO] 
Scraping terminé en 3.8 minutes
2026-04-30 10:14:02,610 [INFO] ============================================================
2026-04-30 10:14:02,611 [INFO] MODE INCREMENTAL - News BRVM
2026-04-30 10:14:02,611 [INFO] ============================================================
2026-04-30 10:14:03,378 [INFO] Historique existant : 4206 articles
2026-04-30 10:14:03,382 [INFO] Dernier ID connu : 61265
2026-04-30 10:14:03,382 [INFO] Recherche du dernier article existant...
2026-04-30 10:14:31,032 [INFO] Dernier article trouvé : ID 61413
2026-04-30 10:14:31,034 [INFO] Plage à scraper : ID 61266 -> 61413
2026-04-30 10:14:31,196 [INFO] Historique existant : 4206 articles
2026-04-30 10:14:31,325 [INFO]   [1] ID 61266 : Afrique : 4 000 milliards USD dorment encore pendant que le  (2026-04-23)
2026-04-30 10:14:32,265 [INFO]   [2] ID 61267 : Mutation du marché automobile tunisien (Partie V): Les véhic (2026-04-23)
2026-04-30 10:14:33,485 [INFO]   [3] ID 61268 : La SOGB alloue 12 milliards FCFA à la rémunération de ses ac (2026-04-23)
2026-04-30 10:14:34,433 [INFO]   [4] ID 61269 : Le Nigeria veut éviter une crise du transport aérien en allé (2026-04-23)
2026-04-30 10:14:35,384 [INFO]   [5] ID 61270 : La Banque de Tunisie améliore de 7% son PNB au premier trime (2026-04-23)
2026-04-30 10:14:36,340 [INFO]   [6] ID 61271 : Poulina maintient sa croissance avec plus d'un milliard de d (2026-04-23)
2026-04-30 10:14:37,281 [INFO]   [7] ID 61272 : Côte d’Ivoire et États-Unis scellent un accord de 300 millio (2026-04-23)
2026-04-30 10:14:38,214 [INFO]   [8] ID 61273 : Paripulse au Maroc : votre guide complet pour une inscriptio (2026-04-21)
2026-04-30 10:14:39,262 [INFO]   [9] ID 61274 : Le résultat net de Bank Of Africa Sénégal progresse de 10% a (2026-04-23)
2026-04-30 10:14:40,200 [INFO]   [10] ID 61275 : Agiltym by H&C organise ''The Strategic Breakfast'' : Une ma (2026-04-23)
2026-04-30 10:14:41,250 [INFO]   [11] ID 61276 : Sénégal : 500 milliards FCFA décaissés en 2025 pour apurer d (2026-04-23)
2026-04-30 10:14:42,273 [INFO]   [12] ID 61277 : Meuble Intérieurs maintient le cap au premier trimestre grâc (2026-04-23)
2026-04-30 10:14:43,218 [INFO]   [13] ID 61278 : CEDEAO : Bond significatif de près de 70% des décaissements  (2026-04-23)
2026-04-30 10:14:44,232 [INFO]   [14] ID 61279 : Le Tchad s’allie à l'algérien Sonatrach pour lancer la const (2026-04-23)
2026-04-30 10:14:45,297 [INFO]   [15] ID 61280 : Entre 6,8 mois d’importation au Cameroun et 1 mois au Bénin  (2026-04-23)
2026-04-30 10:14:46,247 [INFO]   [16] ID 61281 : Smart Tunisie franchit la barre des 100 millions de dinars d (2026-04-23)
2026-04-30 10:14:47,190 [INFO]   [17] ID 61282 : Croissance solide et une rentabilité en hausse pour l’UBCI e (2026-04-23)
2026-04-30 10:14:48,146 [INFO]   [18] ID 61283 : Le Groupe SAH Lilas annonce des revenus de 235 millions de d (2026-04-23)
2026-04-30 10:14:49,132 [INFO]   [19] ID 61284 : Un premier trimestre 2026 dynamique pour Magasin Général (2026-04-23)
2026-04-30 10:14:50,264 [INFO]   [20] ID 61285 : TotalEnergies CI : Un bénéfice en hausse de 6% au premier tr (2026-04-23)
2026-04-30 10:14:51,228 [INFO]   [21] ID 61286 : Centrafrique : Le groupe français Castel évite une condamnat (2026-04-23)
2026-04-30 10:14:52,210 [INFO]   [22] ID 61287 : UMOA-Titres : La levée du Burkina portée par les investisseu (2026-04-23)
2026-04-30 10:14:53,231 [INFO]   [23] ID 61288 : SICABLE CI montre un net rebond après sa phase de correction (2026-04-23)
2026-04-30 10:14:54,255 [INFO]   [24] ID 61289 : Après son pari réussi au Nigeria, Dangote ambitionne d’impla (2026-04-23)
2026-04-30 10:14:55,275 [INFO]   [25] ID 61290 : S&P alerte sur une possible dégradation du crédit souverain  (2026-04-23)
2026-04-30 10:14:56,304 [INFO]   [26] ID 61291 : OIT : Les risques psychosociaux au travail causent plus de 8 (2026-04-23)
2026-04-30 10:14:57,246 [INFO]   [27] ID 61292 : Un premier trimestre sous le signe de la croissance et du dé (2026-04-23)
2026-04-30 10:14:58,200 [INFO]   [28] ID 61293 : CITY CARS : Revenus trimestriels en progression malgré une p (2026-04-23)
2026-04-30 10:14:59,187 [INFO]   [29] ID 61294 : Hannibal Lease : Le Produit Net de Leasing bondit de 18% au  (2026-04-23)
2026-04-30 10:15:00,192 [INFO]   [30] ID 61295 : Chine–Afrique : Les échanges dépassent 60 milliards de dolla (2026-04-24)
2026-04-30 10:15:01,136 [INFO]   [31] ID 61296 : La banque centrale turque maintient le statu quo pour la deu (2026-04-24)
2026-04-30 10:15:02,075 [INFO]   [32] ID 61297 : La pression fiscale sur les salaires en Europe s’alourdit en (2026-04-24)
2026-04-30 10:15:03,008 [INFO]   [33] ID 61298 : Quand SAFCA réalise sa meilleure performance de ces 10 derni (2026-04-24)
2026-04-30 10:15:04,901 [INFO]   [34] ID 61300 : Le fonds BlueFive de Hazem Ben Gacem s’offre une part de Bug (2026-04-24)
2026-04-30 10:15:05,926 [INFO]   [35] ID 61301 : Sénégal : Le gouvernement acte le retrait de KOSMOS et confi (2026-04-24)
2026-04-30 10:15:06,958 [INFO]   [36] ID 61302 : SOTUVER : +55% depuis le 1er janvier 2026 (2026-04-24)
2026-04-30 10:15:07,974 [INFO]   [37] ID 61303 : La Banque De l’Union Côte d’Ivoire renforce sa présence au c (2026-04-24)
2026-04-30 10:15:09,008 [INFO]   [38] ID 61304 : Côte d’Ivoire : CMA CGM transfère son bureau régional Afriqu (2026-04-24)
2026-04-30 10:15:10,233 [INFO]   [39] ID 61305 : NEI-CEDA : Un redressement confirmé et une attractivité renf (2026-04-24)
2026-04-30 10:15:11,163 [INFO]   [40] ID 61306 : BRVM : ALC Titrisation au cœur de la 1ère cotation des oblig (2026-04-24)
2026-04-30 10:15:12,098 [INFO]   [41] ID 61307 : Le Congo mise sur un dialogue direct avec les investisseurs  (2026-04-24)
2026-04-30 10:15:13,034 [INFO]   [42] ID 61308 : L’Union européenne mobilise 235 millions d’euros pour l’urge (2026-04-24)
2026-04-30 10:15:13,971 [INFO]   [43] ID 61309 : Croissance robuste et désendettement massif au premier trime (2026-04-24)
2026-04-30 10:15:14,950 [INFO]   [44] ID 61310 : Plus de 100 entreprises espagnoles veulent s’implanter en Al (2026-04-24)
2026-04-30 10:15:15,946 [INFO]   [45] ID 61311 : Le Ghana impose une transformation de ses opérations minière (2026-04-24)
2026-04-30 10:15:16,877 [INFO]   [46] ID 61312 : Une rentabilité en forte accélération pour la SOTETEL au pre (2026-04-24)
2026-04-30 10:15:17,817 [INFO]   [47] ID 61313 : CEMAC : Les réserves du Cameroun masquent une dégradation de (2026-04-24)
2026-04-30 10:15:18,759 [INFO]   [48] ID 61314 : Côte d’Ivoire : 5 milliards FCFA mobilisés pour les travaux  (2026-04-24)
2026-04-30 10:15:19,745 [INFO]   [49] ID 61315 : Nigeria : Tinubu sollicite le Parlement pour un prêt de 516  (2026-04-24)
2026-04-30 10:15:20,677 [INFO]   [50] ID 61316 : La RDC signe un contrat de 25 millions d’euros avec l’allema (2026-04-24)
2026-04-30 10:15:20,678 [INFO]   --- Sauvegarde intermédiaire (50 articles) ---
2026-04-30 10:15:21,070 [INFO] Historique sauvegardé : 4256 articles -> C:\Users\DYLANE\OneDrive - CGF BOURSE\Bureau\MES MINI-APPS\TOOLS\Scraper BRVM\data\news\actualites_brvm.csv
2026-04-30 10:15:22,027 [INFO]   [51] ID 61317 : BRVM : NEI-CEDA CI tire profit de son rendement et se distin (2026-04-24)
2026-04-30 10:15:22,978 [INFO]   [52] ID 61318 : Ghana : Plus de 67 000 employés fictifs retirés de la paie p (2026-04-24)
2026-04-30 10:15:23,936 [INFO]   [53] ID 61319 : Le Nigeria au cœur d’un nouveau corridor commercial de 15 mi (2026-04-24)
2026-04-30 10:15:24,907 [INFO]   [54] ID 61320 : Nigeria : Bola Tinubu au chevet d’un secteur aérien sous pre (2026-04-24)
2026-04-30 10:15:25,905 [INFO]   [55] ID 61321 : Banque Zitouna renforce son accompagnement des Tunisiens Rés (2026-04-24)
2026-04-30 10:15:26,970 [INFO]   [56] ID 61322 : Burkina Faso : Plus de 31 milliards FCFA engagés pour accroî (2026-04-25)
2026-04-30 10:15:28,157 [INFO]   [57] ID 61323 : Sénégal : Un parc agroalimentaire de 15 hectares inauguré à  (2026-04-25)
2026-04-30 10:15:29,125 [INFO]   [58] ID 61324 : Ghana/Cacao : Les retards de paiement menacent une récolte p (2026-04-25)
2026-04-30 10:15:30,057 [INFO]   [59] ID 61325 : Afrique : Proparco confirme son engagement avec près d’un mi (2026-04-25)
2026-04-30 10:15:30,987 [INFO]   [60] ID 61326 : Ghana : La start-up nigériane Terra Industries va construire (2026-04-25)
2026-04-30 10:15:31,948 [INFO]   [61] ID 61327 : UMOA-Titres : Le Sénégal dépasse son objectif de levée et co (2026-04-25)
2026-04-30 10:15:32,963 [INFO]   [62] ID 61328 : Kia Vision Meta Turismo : le futur du Grand Tourer dévoilé à (2026-04-24)
2026-04-30 10:15:33,991 [INFO]   [63] ID 61329 : CITY CARS : Bénéfice en hausse de 16,8 % en 2025 et dividend (2026-04-27)
2026-04-30 10:15:34,945 [INFO]   [64] ID 61330 : Sotuver et BA Glass, un partenariat stratégique désormais co (2026-04-27)
2026-04-30 10:15:35,882 [INFO]   [65] ID 61331 : UMOA-Titres hebdo : La bataille des maturités longues au cœu (2026-04-27)
2026-04-30 10:15:36,824 [INFO]   [66] ID 61332 : Banque Zitouna en 2025 : Une performance commerciale à l’épr (2026-04-27)
2026-04-30 10:15:37,778 [INFO]   [67] ID 61333 : New Body Line en net recul au 1er trimestre, ventes en baiss (2026-04-27)
2026-04-30 10:15:38,711 [INFO]   [68] ID 61334 : Acier : Le groupe turc Tosyali annonce un investissement de  (2026-04-27)
2026-04-30 10:15:39,725 [INFO]   [69] ID 61335 : Sénégal : L'Etat possède désormais 100% des parts de West Af (2026-04-27)
2026-04-30 10:15:40,747 [INFO]   [70] ID 61336 : TPR : bénéfice en hausse de 7,6% en 2025 et dividende confir (2026-04-27)
2026-04-30 10:15:41,766 [INFO]   [71] ID 61337 : La Côte d’Ivoire table sur la transformation locale du gaz n (2026-04-27)
2026-04-30 10:15:42,789 [INFO]   [72] ID 61338 : Climat : Comment la BAD a transformé 1,1 milliard USD en 11, (2026-04-27)
2026-04-30 10:15:43,721 [INFO]   [73] ID 61339 : Gabès : La société tunisienne ZWINERGIE autorisée à exploite (2026-04-27)
2026-04-30 10:15:44,851 [INFO]   [74] ID 61340 : BRVM/ SEMAINE 16 : NEI-CEDA et BOA Niger érigées en vedettes (2026-04-27)
2026-04-30 10:15:45,864 [INFO]   [75] ID 61341 : Sika commodities weekly 16 : Coton, gaz et huile de palme so (2026-04-27)
2026-04-30 10:15:46,887 [INFO]   [76] ID 61342 : Nigéria : L’expansion de la raffinerie Dangote va offrir 95  (2026-04-27)
2026-04-30 10:15:47,915 [INFO]   [77] ID 61343 : Fitch maintient la note du Cameroun à ''B'', sur fond de ris (2026-04-27)
2026-04-30 10:15:48,934 [INFO]   [78] ID 61344 : RDC : 100 millions USD des Etats-Unis et des Emiratis pour u (2026-04-27)
2026-04-30 10:15:52,011 [INFO]   [79] ID 61347 : Côte d’Ivoire : Près de 800 étudiants prennent part à la pre (2026-04-27)
2026-04-30 10:15:52,991 [INFO]   [80] ID 61348 : Privé d’environ 1 000 MW d’électricité, le Ghana suspend ses (2026-04-27)
2026-04-30 10:15:53,958 [INFO]   [81] ID 61349 : Cameroun : Des négociations avec l’américain Murphy et le br (2026-04-27)
2026-04-30 10:15:54,978 [INFO]   [82] ID 61350 : CEMAC : La BEAC veut porter à 70% d’ici 2028, les exigences  (2026-04-27)
2026-04-30 10:15:55,938 [INFO]   [83] ID 61351 : BRVM : Les grandes valeurs fragilisent la tendance du marché (2026-04-27)
2026-04-30 10:15:56,937 [INFO]   [84] ID 61352 : Nigeria : La startup Swoop lève plus de 7 millions USD pour  (2026-04-27)
2026-04-30 10:15:57,885 [INFO]   [85] ID 61353 : RDC : Afreximbank cible la chaîne de valeur minière pour dép (2026-04-27)
2026-04-30 10:15:58,827 [INFO]   [86] ID 61354 : Carthage Cement va verser des dividendes pour le première fo (2026-04-28)
2026-04-30 10:15:59,781 [INFO]   [87] ID 61355 : Les Joueurs de la Double Culture : Pourquoi une génération d (2026-04-28)
2026-04-30 10:16:00,710 [INFO]   [88] ID 61356 : Nigeria : 3 milliards USD d’investissements pour transformer (2026-04-28)
2026-04-30 10:16:02,584 [INFO]   [89] ID 61358 : L’Italie au bord de devenir le pays le plus endetté d’Europe (2026-04-28)
2026-04-30 10:16:03,527 [INFO]   [90] ID 61359 : Afrique : AFC obtient 100 millions USD auprès de la Banque d (2026-04-28)
2026-04-30 10:16:04,519 [INFO]   [91] ID 61360 : Le groupe américain Pratt & Whitney implante une usine de co (2026-04-28)
2026-04-30 10:16:05,543 [INFO]   [92] ID 61361 : S&P alerte sur un risque de dégradation des perspectives sou (2026-04-28)
2026-04-30 10:16:06,667 [INFO]   [93] ID 61362 : La SODECI alloue l’intégralité de son bénéfice 2025 au paiem (2026-04-28)
2026-04-30 10:16:07,678 [INFO]   [94] ID 61363 : RDC : Entre boom du cuivre et tensions à l’Est, Moody’s réév (2026-04-28)
2026-04-30 10:16:08,901 [INFO]   [95] ID 61364 : Afrique subsaharienne : Quels pays disposent réellement des  (2026-04-28)
2026-04-30 10:16:09,953 [INFO]   [96] ID 61365 : CEMAC : Le mobile money frôle la barre des 35 000 milliards  (2026-04-28)
2026-04-30 10:16:11,907 [INFO]   [97] ID 61367 : Les Emirats arabes unis claquent la porte de l'Opep (2026-04-28)
2026-04-30 10:16:12,905 [INFO]   [98] ID 61368 : Sénégal : Le gouvernement entame la restructuration d’Air Sé (2026-04-28)
2026-04-30 10:16:13,873 [INFO]   [99] ID 61369 : Côte d’Ivoire, hub de stabilité et de croissance en Afrique  (2026-04-28)
2026-04-30 10:16:14,857 [INFO]   [100] ID 61370 : RDC : Félix Tshisekedi lance un vaste audit pour sécuriser l (2026-04-28)
2026-04-30 10:16:14,857 [INFO]   --- Sauvegarde intermédiaire (100 articles) ---
2026-04-30 10:16:15,188 [INFO] Historique sauvegardé : 4306 articles -> C:\Users\DYLANE\OneDrive - CGF BOURSE\Bureau\MES MINI-APPS\TOOLS\Scraper BRVM\data\news\actualites_brvm.csv
2026-04-30 10:16:16,237 [INFO]   [101] ID 61371 : Le résultat net de Servair Abidjan recule de 11% en 2025 (2026-04-28)
2026-04-30 10:16:17,177 [INFO]   [102] ID 61372 : Société Générale Capital Asset Management West Africa : Une  (2026-04-28)
2026-04-30 10:16:18,177 [INFO]   [103] ID 61373 : BRVM : SODECI en soutien d’un marché guidé par le rendement (2026-04-28)
2026-04-30 10:16:19,166 [INFO]   [104] ID 61374 : Pétrole, engrais, métaux, … : La crise au Moyen-Orient devra (2026-04-28)
2026-04-30 10:16:20,244 [INFO]   [105] ID 61375 : Côte d’Ivoire : Nialé Kaba distinguée Meilleure Ministre Afr (2026-04-28)
2026-04-30 10:16:21,337 [INFO]   [106] ID 61376 : Caoutchouc naturel : Pourquoi les prix ont bondi jusqu’à 10, (2026-04-28)
2026-04-30 10:16:22,313 [INFO]   [107] ID 61377 : Bridge Bank Group Côte d’Ivoire : Une trajectoire de croissa (2026-04-28)
2026-04-30 10:16:23,265 [INFO]   [108] ID 61378 : CEMAC : 897 000 microcrédits octroyés via le mobile money en (2026-04-29)
2026-04-30 10:16:24,200 [INFO]   [109] ID 61379 : Banque de Tunisie : Une année 2025 de résilience, de perform (2026-04-29)
2026-04-30 10:16:25,213 [INFO]   [110] ID 61380 : La SOTETEL augmente de 13% ses bénéfices en 2025 (2026-04-28)
2026-04-30 10:16:26,339 [INFO]   [111] ID 61381 : Tunis Re valide sa stratégie de diversification et de rigueu (2026-04-29)
2026-04-30 10:16:27,522 [INFO]   [112] ID 61382 : Côte d’Ivoire : Versus Bank engage une nouvelle phase de son (2026-04-29)
2026-04-30 10:16:28,461 [INFO]   [113] ID 61383 : Assemblées Générales de l’UBCI : Des fondamentaux solides et (2026-04-29)
2026-04-30 10:16:29,391 [INFO]   [114] ID 61384 : CEDEAO : La Chine remet officiellement le nouveau bâtiment d (2026-04-29)
2026-04-30 10:16:30,335 [INFO]   [115] ID 61385 : OPEP : Le retrait des Emirats arabes unis fragilise davantag (2026-04-29)
2026-04-30 10:16:31,275 [INFO]   [116] ID 61386 : Le Parlement valide cinq projets solaires représentant 1,6 m (2026-04-28)
2026-04-30 10:16:32,208 [INFO]   [117] ID 61387 : L’Algérie investit 1,4 milliard de dollars dans la deuxième  (2026-04-29)
2026-04-30 10:16:33,189 [INFO]   [118] ID 61388 : MTS Auto Center inaugure son nouveau showroom à Gabès et ren (2026-04-29)
2026-04-30 10:16:34,196 [INFO]   [119] ID 61389 : La BIAT tient son Assemblée Générale Ordinaire au titre de l (2026-04-25)
2026-04-30 10:16:35,250 [INFO]   [120] ID 61390 : Côte d’Ivoire : Orange célèbre 10 ans du GNOC, cœur technolo (2026-04-29)
2026-04-30 10:16:36,215 [INFO]   [121] ID 61391 : UMOA : Près de 10 200 milliards FCFA de liquidités injectées (2026-04-29)
2026-04-30 10:16:37,172 [INFO]   [122] ID 61392 : Sénégal : Le conseil stratégique de SunuChampions installé p (2026-04-29)
2026-04-30 10:16:38,128 [INFO]   [123] ID 61393 : Ghana : Le gouvernement cherche un partenaire privé pour lan (2026-04-29)
2026-04-30 10:16:39,124 [INFO]   [124] ID 61394 : La BEAC tient tête à Washington sur la gestion des fonds de  (2026-04-29)
2026-04-30 10:16:40,140 [INFO]   [125] ID 61395 : Afrique : Standard Chartered et l’IFC mobilisent 300 million (2026-04-29)
2026-04-30 10:16:41,158 [INFO]   [126] ID 61396 : Tchad : L’indien PC Jeweller décroche une licence pour explo (2026-04-29)
2026-04-30 10:16:42,194 [INFO]   [127] ID 61397 : La Côte d’Ivoire et les Nations unies lancent un programme q (2026-04-29)
2026-04-30 10:16:43,216 [INFO]   [128] ID 61398 : BRVM : Équilibre du marché, avec un biais haussier modéré (2026-04-29)
2026-04-30 10:16:44,239 [INFO]   [129] ID 61399 : Ghana : Le gouvernement entame la sixième évaluation du prog (2026-04-29)
2026-04-30 10:16:45,171 [INFO]   [130] ID 61400 : La CEMAC parie sur la blockchain, le mobile money et le suku (2026-04-29)
2026-04-30 10:16:47,109 [INFO]   [131] ID 61402 : Sénégal : La population, estimée à 19 millions d’habitants e (2026-04-29)
2026-04-30 10:16:48,058 [INFO]   [132] ID 61403 : Transport aérien : La Côte d’Ivoire réduit ses taxes aéropor (2026-04-29)
2026-04-30 10:16:48,995 [INFO]   [133] ID 61404 : RDC : Washington prend ses distances avec le projet de finan (2026-04-29)
2026-04-30 10:16:49,933 [INFO]   [134] ID 61405 : Finances et comptabilité : Les JNFC 2026 au cœur des mutatio (2026-04-30)
2026-04-30 10:16:50,869 [INFO]   [135] ID 61406 : Le Brent atteint son plus haut niveau depuis quatre ans (2026-04-30)
2026-04-30 10:16:51,815 [INFO]   [136] ID 61407 : Le groupe américain Chevron signe un accord d’exploration pé (2026-04-30)
2026-04-30 10:16:52,842 [INFO]   [137] ID 61408 : Le groupe chinois Haomei implantera une deuxième usine d’alu (2026-04-30)
2026-04-30 10:16:53,856 [INFO]   [138] ID 61409 : ALUBAF International Bank dégage un bénéfice de 4,3 millions (2026-04-30)
2026-04-30 10:16:58,880 [INFO] Historique sauvegardé : 4344 articles -> C:\Users\DYLANE\OneDrive - CGF BOURSE\Bureau\MES MINI-APPS\TOOLS\Scraper BRVM\data\news\actualites_brvm.csv
2026-04-30 10:16:58,881 [INFO] 
Bilan : 138 articles récupérés, 0 déjà connus, 148 IDs parcourus
2026-04-30 10:16:58,925 [INFO] 
Scraping terminé en 2.5 minutes
2026-05-05 08:52:47,109 [INFO] ============================================================
2026-05-05 08:52:47,111 [INFO] MODE INCREMENTAL - News BRVM
2026-05-05 08:52:47,111 [INFO] ============================================================
2026-05-05 08:52:47,993 [INFO] Historique existant : 4344 articles
2026-05-05 08:52:47,998 [INFO] Dernier ID connu : 61409
2026-05-05 08:52:47,998 [INFO] Recherche du dernier article existant...
2026-05-05 08:53:16,720 [INFO] Dernier article trouvé : ID 61480
2026-05-05 08:53:16,723 [INFO] Plage à scraper : ID 61410 -> 61480
2026-05-05 08:53:16,890 [INFO] Historique existant : 4344 articles
2026-05-05 08:53:17,152 [INFO]   [1] ID 61410 : La SAPH enregistre une baisse de 78% de son résultat net à f (2026-04-30)
2026-05-05 08:53:18,088 [INFO]   [2] ID 61411 : Nigeria : 271 millions USD pour électrifier l’économie réell (2026-04-30)
2026-05-05 08:53:19,019 [INFO]   [3] ID 61412 : Côte d’Ivoire : Le gouvernement envisage de recapitaliser 11 (2026-04-30)
2026-05-05 08:53:19,955 [INFO]   [4] ID 61413 : BRVM : Première cotation du fonds commun de titrisation ‘’FC (2026-04-30)
2026-05-05 08:53:20,894 [INFO]   [5] ID 61414 : Ecobank Côte d’Ivoire réalise un bénéfice de 13 milliards FC (2026-04-30)
2026-05-05 08:53:22,140 [INFO]   [6] ID 61415 : Baisse de 86% du résultat net de Palmci au 1er trimestre 202 (2026-04-30)
2026-05-05 08:53:23,144 [INFO]   [7] ID 61416 : BRVM : Les valeurs agro-industrielles chahutées par des publ (2026-04-30)
2026-05-05 08:53:24,093 [INFO]   [8] ID 61417 : Le port de Zarzis lancera sa première activité conteneurisée (2026-04-30)
2026-05-05 08:53:25,112 [INFO]   [9] ID 61418 : Cameroun : Après la compagnie nationale d’électricité, Yaoun (2026-04-30)
2026-05-05 08:53:26,129 [INFO]   [10] ID 61419 : Face à la hausse du coût du risque, BH Bank confirme sa rési (2026-04-30)
2026-05-05 08:53:27,107 [INFO]   [11] ID 61420 : La Fed opte pour le statu quo malgré des divisions internes (2026-04-30)
2026-05-05 08:53:28,052 [INFO]   [12] ID 61421 : Cameroun–Allemagne : un accord de coopération de 58,4 millia (2026-04-30)
2026-05-05 08:53:28,994 [INFO]   [13] ID 61422 : Assemblée Générale de la STB Bank : Retour aux dividendes et (2026-04-30)
2026-05-05 08:53:29,965 [INFO]   [14] ID 61423 : Cameroun : 37,4 milliards USD recherchés pour financer 27 pr (2026-04-30)
2026-05-05 08:53:30,942 [INFO]   [15] ID 61424 : Le Burkina Faso suspend l’importation du riz pour soutenir l (2026-04-30)
2026-05-05 08:53:31,908 [INFO]   [16] ID 61425 : Dangote Cement atteint un chiffre d’affaires de 1 198 millia (2026-04-30)
2026-05-05 08:53:32,879 [INFO]   [17] ID 61426 : Fintech, monnaie électronique, gouvernance des microfinances (2026-04-30)
2026-05-05 08:53:33,823 [INFO]   [18] ID 61427 : Côte d’Ivoire : Avec +55 FCFA pour le super et+25 FCFA pour  (2026-05-01)
2026-05-05 08:53:34,767 [INFO]   [19] ID 61428 : Assemblée Générale d'AMEN BANK : Solidité confirmée au servi (2026-05-01)
2026-05-05 08:53:35,712 [INFO]   [20] ID 61429 : Allani Electrofroid : Soixante ans d’engagement auprès des f (2026-05-01)
2026-05-05 08:53:37,659 [INFO]   [21] ID 61431 : Le TMM se maintient à 6,99 % en avril pour le troisième mois (2026-05-01)
2026-05-05 08:53:38,629 [INFO]   [22] ID 61432 : BTS : 10 millions de dinars de bénéfice et distribution de d (2026-04-30)
2026-05-05 08:53:39,648 [INFO]   [23] ID 61433 : UMOA-Titres : Contre toute attente, le Mali réussit sa sorti (2026-05-02)
2026-05-05 08:53:40,669 [INFO]   [24] ID 61434 : Washington : Le FMI salue la levée d’1 milliard USD du Gabon (2026-05-02)
2026-05-05 08:53:41,604 [INFO]   [25] ID 61435 : Niger : Plus de 180 millions USD de la BAD pour miser sur un (2026-05-02)
2026-05-05 08:53:42,545 [INFO]   [26] ID 61436 : Le Ghana rejette un projet d’accord sanitaire avec les États (2026-05-02)
2026-05-05 08:53:43,534 [INFO]   [27] ID 61437 : Crise au Moyen-Orient : Les prix des produits de base devrai (2026-05-02)
2026-05-05 08:53:44,549 [INFO]   [28] ID 61438 : Gabon : Un nouvel accord à 150 millions porte les financemen (2026-05-02)
2026-05-05 08:53:45,589 [INFO]   [29] ID 61439 : Gabon : Un audit de 90 jours lancé sur la dette publique 201 (2026-05-02)
2026-05-05 08:53:46,600 [INFO]   [30] ID 61440 : Augmentations des salaires : Les principales mesures applica (2026-05-02)
2026-05-05 08:53:47,935 [INFO]   [31] ID 61441 : Le dénouement de la Ligue des champions est proche : quel se (2026-05-04)
2026-05-05 08:53:48,869 [INFO]   [32] ID 61442 : UMOA-Titres Hebdo : Des investisseurs présents, des Trésors  (2026-05-04)
2026-05-05 08:53:49,813 [INFO]   [33] ID 61443 : Bourse de Tunis : Un mois d'avril historique porté par une a (2026-05-04)
2026-05-05 08:53:50,741 [INFO]   [34] ID 61444 : L’inflation en Turquie remonte à plus de 32 % en avril (2026-05-04)
2026-05-05 08:53:51,674 [INFO]   [35] ID 61445 : Tribune Fiscalité & Finance/Attractivité fiscale en Afrique  (2026-05-04)
2026-05-05 08:53:52,620 [INFO]   [36] ID 61446 : Sénégal/FMI : Bassirou Diomaye Faye espère l’aboutissement d (2026-05-04)
2026-05-05 08:53:53,551 [INFO]   [37] ID 61447 : Côte d’Ivoire : La Banque mondiale mobilise 225 millions USD (2026-05-04)
2026-05-05 08:53:54,491 [INFO]   [38] ID 61448 : Le géant pétrolier émirati ADNOC engage un plan d’investisse (2026-05-04)
2026-05-05 08:53:55,425 [INFO]   [39] ID 61449 : L’Algérie lance une usine géante de composants plastiques po (2026-05-04)
2026-05-05 08:53:56,362 [INFO]   [40] ID 61450 : Afrique : Entre souveraineté économique et urgence industrie (2026-05-04)
2026-05-05 08:53:57,418 [INFO]   [41] ID 61451 : BRVM/ SEMAINE 17 : Les publications réveillent le marché, SO (2026-05-04)
2026-05-05 08:53:58,361 [INFO]   [42] ID 61452 : Côte d’Ivoire : Le FMI valide les réformes et annonce 844 mi (2026-05-04)
2026-05-05 08:53:59,300 [INFO]   [43] ID 61453 : Assurances BIAT confirme une croissance soutenue en 2025 et  (2026-05-04)
2026-05-05 08:54:00,234 [INFO]   [44] ID 61454 : Capitalisation Boursière : Cinq valeurs pour 50 % du marché (2026-05-04)
2026-05-05 08:54:01,173 [INFO]   [45] ID 61455 : RDC : La BAD mobilise 48,8 millions de dollars pour soutenir (2026-05-04)
2026-05-05 08:54:02,285 [INFO]   [46] ID 61456 : La SITAB enregistre un bénéfice de 36 milliards FCFA en 2025 (2026-05-04)
2026-05-05 08:54:03,287 [INFO]   [47] ID 61457 : Face à l’ampleur des créances en défaut, le Tchad lance une  (2026-05-04)
2026-05-05 08:54:04,547 [INFO]   [48] ID 61458 : UEMOA : La BCEAO double ses réserves de change, à 19 328 mil (2026-05-04)
2026-05-05 08:54:05,486 [INFO]   [49] ID 61459 : Le groupe Délice annonce un bénéfice de 120 millions de dina (2026-05-04)
2026-05-05 08:54:06,437 [INFO]   [50] ID 61460 : L'Etat gabonais réactive le Comité de la dette publique face (2026-05-04)
2026-05-05 08:54:06,438 [INFO]   --- Sauvegarde intermédiaire (50 articles) ---
2026-05-05 08:54:06,647 [INFO] Historique sauvegardé : 4394 articles -> C:\Users\DYLANE\OneDrive - CGF BOURSE\Bureau\MES MINI-APPS\TOOLS\Scraper BRVM\data\news\actualites_brvm.csv
2026-05-05 08:54:07,651 [INFO]   [51] ID 61461 : Gabon : Le gouvernement en quête de 150 milliards FCFA pour  (2026-05-04)
2026-05-05 08:54:08,617 [INFO]   [52] ID 61462 : Mehanvais Karim Koné promu à la tête d’AFG HOLDING (2026-05-04)
2026-05-05 08:54:09,640 [INFO]   [53] ID 61463 : Deux mois après la crise au Moyen-Orient, pourquoi la Côte d (2026-05-04)
2026-05-05 08:54:10,636 [INFO]   [54] ID 61464 : RDC : Le petit commerce désormais interdit aux étrangers, l' (2026-05-04)
2026-05-05 08:54:11,623 [INFO]   [55] ID 61465 : Afrique : La suppression des droits de douane par la Chine e (2026-05-04)
2026-05-05 08:54:12,610 [INFO]   [56] ID 61466 : Gabon : 156 milliards FCFA injectés dans les territoires pou (2026-05-04)
2026-05-05 08:54:13,600 [INFO]   [57] ID 61467 : BRVM : NSIA Banque CI propulsée par l'annonce de bons résult (2026-05-04)
2026-05-05 08:54:14,543 [INFO]   [58] ID 61468 : Qui est Mehanvais Karim Koné, nouveau Directeur Général d’AF (2026-05-04)
2026-05-05 08:54:15,636 [INFO]   [59] ID 61469 : SUCRIVOIRE affiche une perte de 6 milliards FCFA en 2025 (2026-05-04)
2026-05-05 08:54:16,631 [INFO]   [60] ID 61470 : Washington sanctionne Joseph Kabila et lie ses mesures à la  (2026-05-04)
2026-05-05 08:54:17,688 [INFO]   [61] ID 61471 : UEMOA : La grande fragmentation fiscale, révélateur d’un esp (2026-05-04)
2026-05-05 08:54:18,657 [INFO]   [62] ID 61472 : La BCT dégage un bénéfice net de 1,15 milliard de dinars en  (2026-05-04)
2026-05-05 08:54:19,672 [INFO]   [63] ID 61473 : Côte d’Ivoire : Kassoum Traoré prend, par intérim, les comma (2026-05-04)
2026-05-05 08:54:20,610 [INFO]   [64] ID 61474 : Côte d’Ivoire : Le secteur du commerce enregistre une hausse (2026-05-04)
2026-05-05 08:54:21,635 [INFO]   [65] ID 61475 : Al Baraka Bank Tunisie stabilise son bénéfice à 42 millions  (2026-05-05)
2026-05-05 08:54:22,580 [INFO]   [66] ID 61476 : Maroc : Plus de 3 milliards de dollars de recettes touristiq (2026-05-05)
2026-05-05 08:54:27,498 [INFO] Historique sauvegardé : 4410 articles -> C:\Users\DYLANE\OneDrive - CGF BOURSE\Bureau\MES MINI-APPS\TOOLS\Scraper BRVM\data\news\actualites_brvm.csv
2026-05-05 08:54:27,498 [INFO] 
Bilan : 66 articles récupérés, 0 déjà connus, 71 IDs parcourus
2026-05-05 08:54:27,501 [INFO] 
Scraping terminé en 1.2 minutes
